<?xml version="1.0" encoding="UTF-8"?>
<testng-results ignored="0" total="1" passed="1" failed="0" skipped="0">
    <reporter-output>
    </reporter-output>
    <suite started-at="2021-01-22T17:50:41 IST" name="Default suite" finished-at="2021-01-22T17:50:42 IST"
           duration-ms="1123">
        <groups>
        </groups>
        <test started-at="2021-01-22T17:50:41 IST" name="Default test" finished-at="2021-01-22T17:50:42 IST"
              duration-ms="1123">
            <class name="JsonPathLearning.SumValidation">
                <test-method signature="sumOfCourses()[pri:0, instance:JsonPathLearning.SumValidation@332729ad]"
                             started-at="2021-01-22T17:50:41 IST" name="sumOfCourses"
                             finished-at="2021-01-22T17:50:42 IST" duration-ms="1090" status="PASS">
                    <reporter-output>
                    </reporter-output>
                </test-method> <!-- sumOfCourses -->
            </class> <!-- JsonPathLearning.SumValidation -->
        </test> <!-- Default test -->
    </suite> <!-- Default suite -->
</testng-results>
