<?xml version="1.0" encoding="UTF-8"?>
<!-- Generated by org.testng.reporters.JUnitXMLReporter -->
<testsuite ignored="0" hostname="ANUMANTHU-PC" failures="0" tests="2" name="Validating User login" time="0.13"
           errors="0" timestamp="08 Jul 2018 11:43:52 GMT">
    <testcase classname="Academy.HomePage" name="@BeforeTest initialize" time="0.021">
        <failure type="java.io.FileNotFoundException"
                 message="C:\Users\rahul\E2EProject\src\main\java\resources\data.properties (The system cannot find the path specified)">
            <![CDATA[java.io.FileNotFoundException: C:\Users\rahul\E2EProject\src\main\java\resources\data.properties (The system cannot find the path specified)
at java.base/java.io.FileInputStream.open0(Native Method)
at java.base/java.io.FileInputStream.open(Unknown Source)
at java.base/java.io.FileInputStream.<init>(Unknown Source)
at java.base/java.io.FileInputStream.<init>(Unknown Source)
at resources.base.initializeDriver(base.java:26)
at Academy.HomePage.initialize(HomePage.java:25)
... Removed 24 stack frames]]>
        </failure>
    </testcase> <!-- @BeforeTest initialize -->
    <testcase classname="Academy.HomePage" name="@AfterTest teardown" time="0.0">
        <skipped/>
    </testcase> <!-- @AfterTest teardown -->
    <testcase classname="Academy.HomePage" name="basePageNavigation" time="0.0">
        <skipped/>
    </testcase> <!-- basePageNavigation -->
    <testcase classname="Academy.HomePage" name="basePageNavigation" time="0.0">
        <skipped/>
    </testcase> <!-- basePageNavigation -->
</testsuite> <!-- Validating User login -->
