<?xml version="1.0" encoding="UTF-8"?>
<!-- Generated by org.testng.reporters.JUnitXMLReporter -->
<testsuite ignored="2" hostname="ANUMANTHU-PC" failures="0" tests="5" name="Car Loan" time="0.106" errors="0" timestamp="26 Jun 2018 16:04:07 GMT">
  <testcase classname="test.day3" name="MobileLogincarLoan" time="0.053"/>
  <testcase classname="test.day3" name="MobilesignoutcarLoan" time="0.002"/>
  <testcase classname="test.day3" name="MobilesignoutcarLoan" time="0.002"/>
  <testcase classname="test.day3" name="MobilesignoutcarLoan" time="0.004"/>
  <testcase classname="test.day3" name="WebloginCarLoan" time="0.007"/>
  <testcase classname="test.day3" name="APIcarLoan" time="0.0">
    <ignored/>
  </testcase> <!-- APIcarLoan -->
  <testcase classname="test.day3" name="MobilesignimcarLoan" time="0.0">
    <ignored/>
  </testcase> <!-- MobilesignimcarLoan -->
</testsuite> <!-- Car Loan -->
