<?xml version="1.0" encoding="UTF-8"?>
<!-- Generated by org.testng.reporters.JUnitXMLReporter -->
<testsuite ignored="8" hostname="ANUMANTHU-PC" failures="1" tests="3" name="Regression" time="0.076" errors="0" timestamp="04 Sep 2018 15:21:23 GMT">
  <testcase classname="testcases.Day2" name="ploan" time="0.013"/>
  <testcase classname="testcases.Day3" name="MobileLogincarLoan" time="0.007">
    <failure type="java.lang.AssertionError" message="expected [true] but found [false]">
      <![CDATA[java.lang.AssertionError: expected [true] but found [false]
at testcases.Day3.MobileLogincarLoan(Day3.java:50)
... Removed 29 stack frames]]>
    </failure>
  </testcase> <!-- MobileLogincarLoan -->
  <testcase classname="testcases.Day4" name="MobileLoginHomeLoan" time="0.002"/>
  <testcase classname="testcases.Day3" name="LoginAPIcarLoan" time="0.0">
    <ignored/>
  </testcase> <!-- LoginAPIcarLoan -->
  <testcase classname="testcases.Day1" name="Demo" time="0.0">
    <ignored/>
  </testcase> <!-- Demo -->
  <testcase classname="testcases.Day4" name="LoginAPIHomeLoan" time="0.0">
    <ignored/>
  </testcase> <!-- LoginAPIHomeLoan -->
  <testcase classname="testcases.Day1" name="SecondTest" time="0.0">
    <ignored/>
  </testcase> <!-- SecondTest -->
  <testcase classname="testcases.Day3" name="MobilesignincarLoan" time="0.0">
    <ignored/>
  </testcase> <!-- MobilesignincarLoan -->
  <testcase classname="testcases.Day4" name="WebloginHomeLoan" time="0.0">
    <ignored/>
  </testcase> <!-- WebloginHomeLoan -->
  <testcase classname="testcases.Day3" name="WebloginCarLoan" time="0.0">
    <ignored/>
  </testcase> <!-- WebloginCarLoan -->
  <testcase classname="testcases.Day3" name="MobilesignoutcarLoan" time="0.0">
    <ignored/>
  </testcase> <!-- MobilesignoutcarLoan -->
</testsuite> <!-- Regression -->
