<?xml version="1.0" encoding="UTF-8"?>
<!-- Generated by org.testng.reporters.JUnitXMLReporter -->
<testsuite hostname="AKINDINT-LAP" ignored="3" name="Car loan" tests="7" failures="0" timestamp="18 Aug 2019 15:21:07 GMT" time="0.027" errors="0">
  <testcase name="MobilesignoutcarLoan" time="0.008" classname="testcases.Day3"/>
  <testcase name="LoginAPIcarLoan" time="0.001" classname="testcases.Day3"/>
  <testcase name="LoginAPIcarLoan" time="0.001" classname="testcases.Day3"/>
  <testcase name="LoginAPIcarLoan" time="0.001" classname="testcases.Day3"/>
  <testcase name="LoginAPIcarLoan" time="0.002" classname="testcases.Day3"/>
  <testcase name="Demo" time="0.001" classname="testcases.Day1"/>
  <testcase name="SecondTest" time="0.001" classname="testcases.Day1"/>
  <testcase name="MobilesignincarLoan" time="0.0" classname="testcases.Day3">
    <ignored/>
  </testcase> <!-- MobilesignincarLoan -->
  <testcase name="MobileLogincarLoan" time="0.0" classname="testcases.Day3">
    <ignored/>
  </testcase> <!-- MobileLogincarLoan -->
  <testcase name="WebloginCarLoan" time="0.0" classname="testcases.Day3">
    <ignored/>
  </testcase> <!-- WebloginCarLoan -->
</testsuite> <!-- Car loan -->
