<?xml version="1.0" encoding="UTF-8"?>
<!-- Generated by org.testng.reporters.JUnitXMLReporter -->
<testsuite hostname="AKINDINT-LAP" ignored="2" name="FacebookFriends" tests="2" failures="0" timestamp="20 Sep 2019 15:51:59 GMT" time="201.213" errors="0">
  <testcase name="login" time="16.556" classname="academy.FaceBookPrintFriends"/>
  <testcase name="printFriendsList" time="167.343" classname="academy.FaceBookPrintFriends"/>
  <testcase name="anotherMehtod" time="0.0" classname="academy.FaceBookPrintFriends">
    <ignored/>
  </testcase> <!-- anotherMehtod -->
  <testcase name="anotherMehtod1" time="0.0" classname="academy.FaceBookPrintFriends">
    <ignored/>
  </testcase> <!-- anotherMehtod1 -->
</testsuite> <!-- FacebookFriends -->
