<?xml version="1.0" encoding="UTF-8"?>
<!-- Generated by org.testng.reporters.JUnitXMLReporter -->
<testsuite hostname="AKINDINT-LAP" ignored="2" name="Personal Loan" tests="4" failures="0" timestamp="18 Aug 2019 15:21:07 GMT" time="0.033" errors="0">
  <testcase name="Demo" time="0.007" classname="testcases.Day1"/>
  <testcase name="SecondTest" time="0.002" classname="testcases.Day1"/>
  <testcase name="ploan" time="0.001" classname="testcases.Day2"/>
  <testcase name="WebloginHomeLoan" time="0.001" classname="testcases.Day4"/>
  <testcase name="MobileLoginHomeLoan" time="0.0" classname="testcases.Day4">
    <ignored/>
  </testcase> <!-- MobileLoginHomeLoan -->
  <testcase name="LoginAPIHomeLoan" time="0.0" classname="testcases.Day4">
    <ignored/>
  </testcase> <!-- LoginAPIHomeLoan -->
</testsuite> <!-- Personal Loan -->
