<?xml version="1.0" encoding="UTF-8"?>
<!-- Generated by org.testng.reporters.JUnitXMLReporter -->
<testsuite ignored="0" hostname="ANUMANTHU-PC" failures="0" tests="11" name="PPersonal Loan" time="0.094" errors="0" timestamp="25 Jul 2018 16:36:04 GMT">
  <testcase classname="testcases.Day1" name="Demo" time="0.016"/>
  <testcase classname="testcases.Day1" name="SecondTest" time="0.0"/>
  <testcase classname="testcases.Day2" name="ploan" time="0.0"/>
  <testcase classname="testcases.Day3" name="LoginAPIcarLoan" time="0.0"/>
  <testcase classname="testcases.Day3" name="MobileLogincarLoan" time="0.0"/>
  <testcase classname="testcases.Day3" name="MobilesignincarLoan" time="0.015"/>
  <testcase classname="testcases.Day3" name="MobilesignoutcarLoan" time="0.0"/>
  <testcase classname="testcases.Day3" name="WebloginCarLoan" time="0.0"/>
  <testcase classname="testcases.Day4" name="LoginAPIHomeLoan" time="0.0"/>
  <testcase classname="testcases.Day4" name="MobileLoginHomeLoan" time="0.016"/>
  <testcase classname="testcases.Day4" name="WebloginHomeLoan" time="0.0"/>
</testsuite> <!-- PPersonal Loan -->
